<?xml version="1.0" encoding="UTF-8"?>
<!-- Generated by org.testng.reporters.JUnitReportReporter -->
<testsuite hostname="LAPTOP-8J3R7791" failures="0" tests="5" name="com.qa.raybiztech.tests.HomePageTest" time="22.673" errors="1" timestamp="2024-12-15T14:19:32 IST" skipped="3">
  <testcase classname="com.qa.raybiztech.tests.HomePageTest" name="homePageTitleValidation" time="5.186">
    <error message="Expected condition failed: waiting for title to be &quot;AI, Dynamics 365 ERP &amp; CRM, Kentico, Sitecore, Dell Boomi-RBT&quot;. Current title: &quot;Ray Business Technologies | Scalable Cloud, AI, Boomi, Digital, and Dynamics 365 Solutions for Business Growth&quot; (tried for 5 second(s) with 500 milliseconds interval)
Build info: version: &#039;4.12.0&#039;, revision: &#039;249f2a7d1b*&#039;
System info: os.name: &#039;Windows 11&#039;, os.arch: &#039;amd64&#039;, os.version: &#039;10.0&#039;, java.version: &#039;17.0.5&#039;
Driver info: org.openqa.selenium.chrome.ChromeDriver
Capabilities {acceptInsecureCerts: false, browserName: chrome, browserVersion: 131.0.6778.140, chrome: {chromedriverVersion: 131.0.6778.108 (3b014839fbc..., userDataDir: C:\Users\mprag\AppData\Loca...}, fedcm:accounts: true, goog:chromeOptions: {debuggerAddress: localhost:63951}, networkConnectionEnabled: false, pageLoadStrategy: normal, platformName: windows, proxy: Proxy(), se:cdp: ws://localhost:63951/devtoo..., se:cdpVersion: 131.0.6778.140, setWindowRect: true, strictFileInteractability: false, timeouts: {implicit: 0, pageLoad: 300000, script: 30000}, unhandledPromptBehavior: dismiss and notify, webauthn:extension:credBlob: true, webauthn:extension:largeBlob: true, webauthn:extension:minPinLength: true, webauthn:extension:prf: true, webauthn:virtualAuthenticators: true}
Session ID: 31aff9bfe0ef610749ca0634b8b5a563" type="org.openqa.selenium.TimeoutException">
      <![CDATA[org.openqa.selenium.TimeoutException: Expected condition failed: waiting for title to be "AI, Dynamics 365 ERP & CRM, Kentico, Sitecore, Dell Boomi-RBT". Current title: "Ray Business Technologies | Scalable Cloud, AI, Boomi, Digital, and Dynamics 365 Solutions for Business Growth" (tried for 5 second(s) with 500 milliseconds interval)
Build info: version: '4.12.0', revision: '249f2a7d1b*'
System info: os.name: 'Windows 11', os.arch: 'amd64', os.version: '10.0', java.version: '17.0.5'
Driver info: org.openqa.selenium.chrome.ChromeDriver
Capabilities {acceptInsecureCerts: false, browserName: chrome, browserVersion: 131.0.6778.140, chrome: {chromedriverVersion: 131.0.6778.108 (3b014839fbc..., userDataDir: C:\Users\mprag\AppData\Loca...}, fedcm:accounts: true, goog:chromeOptions: {debuggerAddress: localhost:63951}, networkConnectionEnabled: false, pageLoadStrategy: normal, platformName: windows, proxy: Proxy(), se:cdp: ws://localhost:63951/devtoo..., se:cdpVersion: 131.0.6778.140, setWindowRect: true, strictFileInteractability: false, timeouts: {implicit: 0, pageLoad: 300000, script: 30000}, unhandledPromptBehavior: dismiss and notify, webauthn:extension:credBlob: true, webauthn:extension:largeBlob: true, webauthn:extension:minPinLength: true, webauthn:extension:prf: true, webauthn:virtualAuthenticators: true}
Session ID: 31aff9bfe0ef610749ca0634b8b5a563
at org.openqa.selenium.support.ui.WebDriverWait.timeoutException(WebDriverWait.java:84)
at org.openqa.selenium.support.ui.FluentWait.until(FluentWait.java:230)
at com.qa.raybiztech.utils.ElementUtil.waitForPageActTitle(ElementUtil.java:448)
at com.qa.raybiztech.utils.ElementUtil.doGetPageTitleIs(ElementUtil.java:473)
at com.qa.raybiztech.pages.HomePage.getHomePageTitle(HomePage.java:61)
at com.qa.raybiztech.tests.HomePageTest.homePageTitleValidation(HomePageTest.java:17)
at java.base/jdk.internal.reflect.NativeMethodAccessorImpl.invoke0(Native Method)
at java.base/jdk.internal.reflect.NativeMethodAccessorImpl.invoke(NativeMethodAccessorImpl.java:77)
at java.base/jdk.internal.reflect.DelegatingMethodAccessorImpl.invoke(DelegatingMethodAccessorImpl.java:43)
at java.base/java.lang.reflect.Method.invoke(Method.java:568)
at org.testng.internal.MethodInvocationHelper.invokeMethod(MethodInvocationHelper.java:133)
at org.testng.internal.TestInvoker.invokeMethod(TestInvoker.java:598)
at org.testng.internal.TestInvoker.retryFailed(TestInvoker.java:213)
at org.testng.internal.MethodRunner.runInSequence(MethodRunner.java:58)
at org.testng.internal.TestInvoker$MethodInvocationAgent.invoke(TestInvoker.java:824)
at org.testng.internal.TestInvoker.invokeTestMethods(TestInvoker.java:146)
at org.testng.internal.TestMethodWorker.invokeTestMethods(TestMethodWorker.java:146)
at org.testng.internal.TestMethodWorker.run(TestMethodWorker.java:128)
at java.base/java.util.ArrayList.forEach(ArrayList.java:1511)
at org.testng.TestRunner.privateRun(TestRunner.java:794)
at org.testng.TestRunner.run(TestRunner.java:596)
at org.testng.SuiteRunner.runTest(SuiteRunner.java:377)
at org.testng.SuiteRunner.access$000(SuiteRunner.java:28)
at org.testng.SuiteRunner$SuiteWorker.run(SuiteRunner.java:418)
at org.testng.internal.thread.ThreadUtil.lambda$execute$0(ThreadUtil.java:64)
at java.base/java.util.concurrent.FutureTask.run(FutureTask.java:264)
at java.base/java.util.concurrent.ThreadPoolExecutor.runWorker(ThreadPoolExecutor.java:1136)
at java.base/java.util.concurrent.ThreadPoolExecutor$Worker.run(ThreadPoolExecutor.java:635)
at java.base/java.lang.Thread.run(Thread.java:833)
]]>
    </error>
  </testcase> <!-- homePageTitleValidation -->
  <system-out/>
  <testcase classname="com.qa.raybiztech.tests.HomePageTest" name="homePageTitleValidation" time="5.200">
    <skipped/>
  </testcase> <!-- homePageTitleValidation -->
  <system-out/>
  <testcase classname="com.qa.raybiztech.tests.HomePageTest" name="rbtLogoValidation" time="1.481"/>
  <system-out/>
  <testcase classname="com.qa.raybiztech.tests.HomePageTest" name="homePageTitleValidation" time="5.232">
    <skipped/>
  </testcase> <!-- homePageTitleValidation -->
  <system-out/>
  <testcase classname="com.qa.raybiztech.tests.HomePageTest" name="homePageTitleValidation" time="5.574">
    <skipped/>
  </testcase> <!-- homePageTitleValidation -->
  <system-out/>
</testsuite> <!-- com.qa.raybiztech.tests.HomePageTest -->
